<?xml version="1.0" encoding="UTF-8"?>
<!-- Generated by org.testng.reporters.JUnitReportReporter -->
<testsuite skipped="0" hostname="B2-LAP-AMRUTHESH" name="com.VIPS.test.Reg_User" tests="1" failures="0" timestamp="14 Sep 2018 16:21:26 GMT" time="74.016" errors="0">
  <testcase name="Registered_User" time="74.016" classname="com.VIPS.test.Reg_User"/>
</testsuite> <!-- com.VIPS.test.Reg_User -->
