<?xml version="1.0" encoding="UTF-8"?>
<!-- Generated by org.testng.reporters.JUnitReportReporter -->
<testsuite skipped="0" hostname="B2-LAP-AMRUTHESH" name="testing.TestCase2" tests="2" failures="0" timestamp="30 Sep 2018 04:08:36 GMT" time="0.013" errors="0">
  <testcase name="loginTest" time="0.013" classname="testing.TestCase2"/>
  <testcase name="lagout" time="0.000" classname="testing.TestCase2"/>
</testsuite> <!-- testing.TestCase2 -->
