<?xml version="1.0" encoding="UTF-8"?>
<!-- Generated by org.testng.reporters.JUnitReportReporter -->
<testsuite skipped="0" hostname="B2-LAP-AMRUTHESH" name="com.VIPS.test.Registered_User" tests="1" failures="0" timestamp="14 Sep 2018 16:07:44 GMT" time="38.127" errors="0">
  <testcase name="Registered_User" time="38.127" classname="com.VIPS.test.Registered_User"/>
</testsuite> <!-- com.VIPS.test.Registered_User -->
