<?xml version="1.0" encoding="UTF-8"?>
<!-- Generated by org.testng.reporters.JUnitReportReporter -->
<testsuite skipped="0" hostname="B2-LAP-AMRUTHESH" name="com.VIPS.test.ValidLogin" tests="1" failures="0" timestamp="14 Sep 2018 16:03:07 GMT" time="38.577" errors="0">
  <testcase name="Login" time="38.577" classname="com.VIPS.test.ValidLogin"/>
</testsuite> <!-- com.VIPS.test.ValidLogin -->
