<?xml version="1.0" encoding="UTF-8"?>
<!-- Generated by org.testng.reporters.JUnitReportReporter -->
<testsuite skipped="0" hostname="B2-LAP-AMRUTHESH" name="com.VIPS.test.Reg_User" tests="1" failures="0" timestamp="18 Sep 2018 16:19:08 GMT" time="42.971" errors="0">
  <testcase name="Registered_User" time="42.971" classname="com.VIPS.test.Reg_User"/>
</testsuite> <!-- com.VIPS.test.Reg_User -->
