<?xml version="1.0" encoding="UTF-8"?>
<!-- Generated by org.testng.reporters.JUnitReportReporter -->
<testsuite skipped="0" hostname="B2-LAP-AMRUTHESH" name="com.roots.test.Reg_User" tests="1" failures="0" timestamp="02 Oct 2018 12:54:51 GMT" time="67.056" errors="0">
  <testcase name="Registered_User" time="67.056" classname="com.roots.test.Reg_User"/>
</testsuite> <!-- com.roots.test.Reg_User -->
