<?xml version="1.0" encoding="UTF-8"?>
<!-- Generated by org.testng.reporters.JUnitReportReporter -->
<testsuite skipped="0" hostname="B2-LAP-AMRUTHESH" name="com.VIPS.test.Gift_Card" tests="1" failures="0" timestamp="17 Sep 2018 04:47:23 GMT" time="66.025" errors="0">
  <testcase name="Credit_Card_Guest_User" time="66.025" classname="com.VIPS.test.Gift_Card"/>
</testsuite> <!-- com.VIPS.test.Gift_Card -->
