<?xml version="1.0" encoding="UTF-8"?>
<!-- Generated by org.testng.reporters.JUnitReportReporter -->
<testsuite skipped="0" hostname="B2-LAP-AMRUTHESH" name="testing.New_test" tests="1" failures="0" timestamp="14 Aug 2018 09:04:13 GMT" time="9.196" errors="0">
  <testcase name="testLogin" time="9.196" classname="testing.New_test"/>
</testsuite> <!-- testing.New_test -->
